Arguments: 
  C:\Program Files\nodejs\node.exe C:\Program Files (x86)\Yarn\bin\yarn.js add logkitty 0.7.1

PATH: 
  C:\Python38\Scripts\;C:\Python38\;C:\WINDOWS\system32;C:\WINDOWS;C:\WINDOWS\System32\Wbem;C:\WINDOWS\System32\WindowsPowerShell\v1.0\;C:\WINDOWS\System32\OpenSSH\;C:\Program Files\dotnet\;C:\Program Files\Microsoft SQL Server\130\Tools\Binn\;C:\Program Files\Microsoft SQL Server\Client SDK\ODBC\170\Tools\Binn\;C:\Program Files\Java\jdk-13.0.2\bin;C:\Program Files\Git\cmd;C:\Program Files\Java\jdk13.0.2\bin;C:\Program Files\MongoDB\Server\4.2\bin;C:\Program Files\nodejs\;C:\ProgramData\chocolatey\bin;C:\Program Files\PostgreSQL\12\bin;C:\Program Files (x86)\Yarn\bin\;C:\Program Files\Docker\Docker\resources\bin;C:\ProgramData\DockerDesktop\version-bin;C:\Android\Sdk\emulator;C:\Android\Sdk\tools;C:\Android\Sdk\tools\bin;C:\Android\Sdk\platform-tools;C:\Program Files\MySQL\MySQL Shell 8.0\bin\;C:\Users\Ju\AppData\Local\Microsoft\WindowsApps;C:\Users\Ju\AppData\Local\Programs\Microsoft VS Code\bin;C:\Program Files\heroku\bin;C:\Users\Ju\AppData\Local\Yarn\bin;C:\Users\Ju\AppData\Roaming\npm;

Yarn version: 
  1.22.4

Node version: 
  12.16.2

Platform: 
  win32 x64

Trace: 
  Error: https://registry.yarnpkg.com/0.7.1: Not found
      at Request.params.callback [as _callback] (C:\Program Files (x86)\Yarn\lib\cli.js:66096:18)
      at Request.self.callback (C:\Program Files (x86)\Yarn\lib\cli.js:140748:22)
      at Request.emit (events.js:310:20)
      at Request.<anonymous> (C:\Program Files (x86)\Yarn\lib\cli.js:141720:10)
      at Request.emit (events.js:310:20)
      at IncomingMessage.<anonymous> (C:\Program Files (x86)\Yarn\lib\cli.js:141642:12)
      at Object.onceWrapper (events.js:416:28)
      at IncomingMessage.emit (events.js:322:22)
      at endReadableNT (_stream_readable.js:1187:12)
      at processTicksAndRejections (internal/process/task_queues.js:84:21)

npm manifest: 
  {
    "main": "node_modules/expo/AppEntry.js",
    "scripts": {
      "start": "expo start",
      "android": "expo start --android",
      "ios": "expo start --ios",
      "web": "expo start --web",
      "eject": "expo eject"
    },
    "dependencies": {
      "@expo-google-fonts/roboto": "^0.1.0",
      "@expo-google-fonts/ubuntu": "^0.1.0",
      "@react-native-community/masked-view": "0.1.6",
      "@react-navigation/native": "^5.5.1",
      "@react-navigation/stack": "^5.4.2",
      "axios": "^0.19.2",
      "expo": "~37.0.3",
      "expo-constants": "~9.0.0",
      "expo-font": "~8.1.0",
      "react": "~16.9.0",
      "react-dom": "~16.9.0",
      "react-native": "https://github.com/expo/react-native/archive/sdk-37.0.1.tar.gz",
      "react-native-gesture-handler": "~1.6.0",
      "react-native-maps": "0.26.1",
      "react-native-reanimated": "~1.7.0",
      "react-native-safe-area-context": "0.7.3",
      "react-native-screens": "~2.2.0",
      "react-native-svg": "11.0.1",
      "react-native-web": "~0.11.7",
      "expo-location": "~8.1.0",
      "expo-mail-composer": "~8.1.0"
    },
    "devDependencies": {
      "@babel/core": "^7.8.6",
      "@types/react": "~16.9.23",
      "@types/react-native": "~0.61.17",
      "babel-preset-expo": "~8.1.0",
      "typescript": "~3.8.3"
    },
    "private": true
  }

yarn manifest: 
  No manifest

Lockfile: 
  No lockfile
